[Tue  6 Jan 03:30:01 GMT 2026] Starting Backup...
Local backup created: db_backup_20260106_033001.sql
Uploading to Google Drive...
Upload success!
[Tue  6 Jan 03:30:05 GMT 2026] All tasks completed.
[Wed  7 Jan 03:30:01 GMT 2026] Starting Backup...
Local backup created: db_backup_20260107_033001.sql
Uploading to Google Drive...
Upload success!
[Wed  7 Jan 03:30:05 GMT 2026] All tasks completed.
[Fri  9 Jan 03:30:01 GMT 2026] Starting Backup...
Local backup created: db_backup_20260109_033001.sql
Uploading to Google Drive...
Upload success!
[Fri  9 Jan 03:30:05 GMT 2026] All tasks completed.
[Mon 12 Jan 03:30:01 GMT 2026] Starting Backup...
Local backup created: db_backup_20260112_033001.sql
Uploading to Google Drive...
Upload success!
[Mon 12 Jan 03:30:05 GMT 2026] All tasks completed.
[Tue 13 Jan 03:30:01 GMT 2026] Starting Backup...
Local backup created: db_backup_20260113_033001.sql
Uploading to Google Drive...
Upload success!
[Tue 13 Jan 03:30:05 GMT 2026] All tasks completed.
[Wed 14 Jan 03:30:01 GMT 2026] Starting Backup...
Local backup created: db_backup_20260114_033001.sql
Uploading to Google Drive...
Upload success!
[Wed 14 Jan 03:30:05 GMT 2026] All tasks completed.
[Thu 15 Jan 03:30:01 GMT 2026] Starting Backup...
Local backup created: db_backup_20260115_033001.sql
Uploading to Google Drive...
Upload success!
[Thu 15 Jan 03:30:05 GMT 2026] All tasks completed.
[Fri 16 Jan 03:30:01 GMT 2026] Starting Backup...
Local backup created: db_backup_20260116_033001.sql
Uploading to Google Drive...
Upload success!
[Fri 16 Jan 03:30:05 GMT 2026] All tasks completed.
[Sat 17 Jan 03:30:01 GMT 2026] Starting Backup...
Local backup created: db_backup_20260117_033001.sql
Uploading to Google Drive...
Upload success!
[Sat 17 Jan 03:30:05 GMT 2026] All tasks completed.
/bin/sh: 1: /home/admin/pc-inventory-master/backup.sh: not found
